Release 14.7 - xst P.20131013 (nt64)
Copyright (c) 1995-2013 Xilinx, Inc.  All rights reserved.
--> Parameter TMPDIR set to xst/projnav.tmp


Total REAL time to Xst completion: 1.00 secs
Total CPU time to Xst completion: 0.08 secs
 
--> Parameter xsthdpdir set to xst


Total REAL time to Xst completion: 1.00 secs
Total CPU time to Xst completion: 0.08 secs
 
--> Reading design: parpadeo.prj

TABLE OF CONTENTS
  1) Synthesis Options Summary
  2) HDL Parsing
  3) HDL Elaboration
  4) HDL Synthesis
       4.1) HDL Synthesis Report
  5) Advanced HDL Synthesis
       5.1) Advanced HDL Synthesis Report
  6) Low Level Synthesis
  7) Partition Report
  8) Design Summary
       8.1) Primitive and Black Box Usage
       8.2) Device utilization summary
       8.3) Partition Resource Summary
       8.4) Timing Report
            8.4.1) Clock Information
            8.4.2) Asynchronous Control Signals Information
            8.4.3) Timing Summary
            8.4.4) Timing Details
            8.4.5) Cross Clock Domains Report


=========================================================================
*                      Synthesis Options Summary                        *
=========================================================================
---- Source Parameters
Input File Name                    : "parpadeo.prj"
Ignore Synthesis Constraint File   : NO

---- Target Parameters
Output File Name                   : "parpadeo"
Output Format                      : NGC
Target Device                      : xc7a100t-3-csg324

---- Source Options
Top Module Name                    : parpadeo
Automatic FSM Extraction           : YES
FSM Encoding Algorithm             : Auto
Safe Implementation                : No
FSM Style                          : LUT
RAM Extraction                     : Yes
RAM Style                          : Auto
ROM Extraction                     : Yes
Shift Register Extraction          : YES
ROM Style                          : Auto
Resource Sharing                   : YES
Asynchronous To Synchronous        : NO
Shift Register Minimum Size        : 2
Use DSP Block                      : Auto
Automatic Register Balancing       : No

---- Target Options
LUT Combining                      : Auto
Reduce Control Sets                : Auto
Add IO Buffers                     : YES
Global Maximum Fanout              : 100000
Add Generic Clock Buffer(BUFG)     : 32
Register Duplication               : YES
Optimize Instantiated Primitives   : NO
Use Clock Enable                   : Auto
Use Synchronous Set                : Auto
Use Synchronous Reset              : Auto
Pack IO Registers into IOBs        : Auto
Equivalent register Removal        : YES

---- General Options
Optimization Goal                  : Speed
Optimization Effort                : 1
Power Reduction                    : NO
Keep Hierarchy                     : No
Netlist Hierarchy                  : As_Optimized
RTL Output                         : Yes
Global Optimization                : AllClockNets
Read Cores                         : YES
Write Timing Constraints           : NO
Cross Clock Analysis               : NO
Hierarchy Separator                : /
Bus Delimiter                      : <>
Case Specifier                     : Maintain
Slice Utilization Ratio            : 100
BRAM Utilization Ratio             : 100
DSP48 Utilization Ratio            : 100
Auto BRAM Packing                  : NO
Slice Utilization Ratio Delta      : 5

=========================================================================


=========================================================================
*                          HDL Parsing                                  *
=========================================================================
Parsing VHDL file "C:\Users\Nahuel\OneDrive - UTN.BA\2023\Finales\Digitales 1\Final-TD1\VHDL\F_2019_02_20\ej3.vhd" into library work
Parsing entity <parpadeo>.
Parsing architecture <archo_parpadeo> of entity <parpadeo>.

=========================================================================
*                            HDL Elaboration                            *
=========================================================================

Elaborating entity <parpadeo> (architecture <archo_parpadeo>) with generics from library <work>.

=========================================================================
*                           HDL Synthesis                               *
=========================================================================

Synthesizing Unit <parpadeo>.
    Related source file is "C:\Users\Nahuel\OneDrive - UTN.BA\2023\Finales\Digitales 1\Final-TD1\VHDL\F_2019_02_20\ej3.vhd".
        N = 26
    Found 26-bit register for signal <scnt_a>.
    Found 26-bit adder for signal <scnt_f> created at line 1241.
    Summary:
	inferred   1 Adder/Subtractor(s).
	inferred  26 D-type flip-flop(s).
Unit <parpadeo> synthesized.

=========================================================================
HDL Synthesis Report

Macro Statistics
# Adders/Subtractors                                   : 1
 26-bit adder                                          : 1
# Registers                                            : 1
 26-bit register                                       : 1

=========================================================================

=========================================================================
*                       Advanced HDL Synthesis                          *
=========================================================================


Synthesizing (advanced) Unit <parpadeo>.
The following registers are absorbed into counter <scnt_a>: 1 register on signal <scnt_a>.
Unit <parpadeo> synthesized (advanced).

=========================================================================
Advanced HDL Synthesis Report

Macro Statistics
# Counters                                             : 1
 26-bit up counter                                     : 1

=========================================================================

=========================================================================
*                         Low Level Synthesis                           *
=========================================================================

Optimizing unit <parpadeo> ...

Mapping all equations...
Building and optimizing final netlist ...
Found area constraint ratio of 100 (+ 5) on block parpadeo, actual ratio is 0.

Final Macro Processing ...

=========================================================================
Final Register Report

Macro Statistics
# Registers                                            : 26
 Flip-Flops                                            : 26

=========================================================================

=========================================================================
*                           Partition Report                            *
=========================================================================

Partition Implementation Status
-------------------------------

  No Partitions were found in this design.

-------------------------------

=========================================================================
*                            Design Summary                             *
=========================================================================

Top Level Output File Name         : parpadeo.ngc

Primitive and Black Box Usage:
------------------------------
# BELS                             : 101
#      GND                         : 1
#      INV                         : 1
#      LUT1                        : 25
#      LUT2                        : 16
#      LUT6                        : 6
#      MUXCY                       : 25
#      VCC                         : 1
#      XORCY                       : 26
# FlipFlops/Latches                : 26
#      FD                          : 15
#      FDR                         : 11
# Clock Buffers                    : 1
#      BUFGP                       : 1
# IO Buffers                       : 2
#      IBUF                        : 1
#      OBUF                        : 1

Device utilization summary:
---------------------------

Selected Device : 7a100tcsg324-3 


Slice Logic Utilization: 
 Number of Slice Registers:              26  out of  126800     0%  
 Number of Slice LUTs:                   48  out of  63400     0%  
    Number used as Logic:                48  out of  63400     0%  

Slice Logic Distribution: 
 Number of LUT Flip Flop pairs used:     48
   Number with an unused Flip Flop:      22  out of     48    45%  
   Number with an unused LUT:             0  out of     48     0%  
   Number of fully used LUT-FF pairs:    26  out of     48    54%  
   Number of unique control sets:         2

IO Utilization: 
 Number of IOs:                           3
 Number of bonded IOBs:                   3  out of    210     1%  

Specific Feature Utilization:
 Number of BUFG/BUFGCTRLs:                1  out of     32     3%  

---------------------------
Partition Resource Summary:
---------------------------

  No Partitions were found in this design.

---------------------------


=========================================================================
Timing Report

NOTE: THESE TIMING NUMBERS ARE ONLY A SYNTHESIS ESTIMATE.
      FOR ACCURATE TIMING INFORMATION PLEASE REFER TO THE TRACE REPORT
      GENERATED AFTER PLACE-and-ROUTE.

Clock Information:
------------------
-----------------------------------+------------------------+-------+
Clock Signal                       | Clock buffer(FF name)  | Load  |
-----------------------------------+------------------------+-------+
clk                                | BUFGP                  | 26    |
-----------------------------------+------------------------+-------+

Asynchronous Control Signals Information:
----------------------------------------
No asynchronous control signals found in this design

Timing Summary:
---------------
Speed Grade: -3

   Minimum period: 2.547ns (Maximum Frequency: 392.595MHz)
   Minimum input arrival time before clock: 1.525ns
   Maximum output required time after clock: 2.229ns
   Maximum combinational path delay: No path found

Timing Details:
---------------
All values displayed in nanoseconds (ns)

=========================================================================
Timing constraint: Default period analysis for Clock 'clk'
  Clock period: 2.547ns (frequency: 392.595MHz)
  Total number of paths / destination ports: 1027 / 37
-------------------------------------------------------------------------
Delay:               2.547ns (Levels of Logic = 2)
  Source:            scnt_a_20 (FF)
  Destination:       scnt_a_15 (FF)
  Source Clock:      clk rising
  Destination Clock: clk rising

  Data Path: scnt_a_20 to scnt_a_15
                                Gate     Net
    Cell:in->out      fanout   Delay   Delay  Logical Name (Net Name)
    ----------------------------------------  ------------
     FDR:C->Q              2   0.361   0.698  scnt_a_20 (scnt_a_20)
     LUT6:I0->O            2   0.097   0.561  stc<25>1 (stc<25>)
     LUT6:I2->O           26   0.097   0.385  rst_stc_OR_1_o1 (rst_stc_OR_1_o)
     FDR:R                     0.349          scnt_a_15
    ----------------------------------------
    Total                      2.547ns (0.904ns logic, 1.643ns route)
                                       (35.5% logic, 64.5% route)

=========================================================================
Timing constraint: Default OFFSET IN BEFORE for Clock 'clk'
  Total number of paths / destination ports: 26 / 26
-------------------------------------------------------------------------
Offset:              1.525ns (Levels of Logic = 2)
  Source:            rst (PAD)
  Destination:       scnt_a_15 (FF)
  Destination Clock: clk rising

  Data Path: rst to scnt_a_15
                                Gate     Net
    Cell:in->out      fanout   Delay   Delay  Logical Name (Net Name)
    ----------------------------------------  ------------
     IBUF:I->O             1   0.001   0.693  rst_IBUF (rst_IBUF)
     LUT6:I0->O           26   0.097   0.385  rst_stc_OR_1_o1 (rst_stc_OR_1_o)
     FDR:R                     0.349          scnt_a_15
    ----------------------------------------
    Total                      1.525ns (0.447ns logic, 1.078ns route)
                                       (29.3% logic, 70.7% route)

=========================================================================
Timing constraint: Default OFFSET OUT AFTER for Clock 'clk'
  Total number of paths / destination ports: 26 / 1
-------------------------------------------------------------------------
Offset:              2.229ns (Levels of Logic = 3)
  Source:            scnt_a_20 (FF)
  Destination:       led (PAD)
  Source Clock:      clk rising

  Data Path: scnt_a_20 to led
                                Gate     Net
    Cell:in->out      fanout   Delay   Delay  Logical Name (Net Name)
    ----------------------------------------  ------------
     FDR:C->Q              2   0.361   0.697  scnt_a_20 (scnt_a_20)
     LUT6:I0->O            2   0.097   0.697  stc<25>1 (stc<25>)
     LUT6:I0->O            1   0.097   0.279  stc<25>5 (led_OBUF)
     OBUF:I->O                 0.000          led_OBUF (led)
    ----------------------------------------
    Total                      2.229ns (0.555ns logic, 1.674ns route)
                                       (24.9% logic, 75.1% route)

=========================================================================

Cross Clock Domains Report:
--------------------------

Clock to Setup on destination clock clk
---------------+---------+---------+---------+---------+
               | Src:Rise| Src:Fall| Src:Rise| Src:Fall|
Source Clock   |Dest:Rise|Dest:Rise|Dest:Fall|Dest:Fall|
---------------+---------+---------+---------+---------+
clk            |    2.547|         |         |         |
---------------+---------+---------+---------+---------+

=========================================================================


Total REAL time to Xst completion: 7.00 secs
Total CPU time to Xst completion: 6.99 secs
 
--> 

Total memory usage is 4618264 kilobytes

Number of errors   :    0 (   0 filtered)
Number of warnings :    0 (   0 filtered)
Number of infos    :    0 (   0 filtered)

