Release 14.7 - xst P.20131013 (nt64)
Copyright (c) 1995-2013 Xilinx, Inc.  All rights reserved.
--> Parameter TMPDIR set to xst/projnav.tmp


Total REAL time to Xst completion: 1.00 secs
Total CPU time to Xst completion: 0.08 secs
 
--> Parameter xsthdpdir set to xst


Total REAL time to Xst completion: 1.00 secs
Total CPU time to Xst completion: 0.08 secs
 
--> Reading design: suma_reg.prj

TABLE OF CONTENTS
  1) Synthesis Options Summary
  2) HDL Parsing
  3) HDL Elaboration
  4) HDL Synthesis
       4.1) HDL Synthesis Report
  5) Advanced HDL Synthesis
       5.1) Advanced HDL Synthesis Report
  6) Low Level Synthesis
  7) Partition Report
  8) Design Summary
       8.1) Primitive and Black Box Usage
       8.2) Device utilization summary
       8.3) Partition Resource Summary
       8.4) Timing Report
            8.4.1) Clock Information
            8.4.2) Asynchronous Control Signals Information
            8.4.3) Timing Summary
            8.4.4) Timing Details
            8.4.5) Cross Clock Domains Report


=========================================================================
*                      Synthesis Options Summary                        *
=========================================================================
---- Source Parameters
Input File Name                    : "suma_reg.prj"
Ignore Synthesis Constraint File   : NO

---- Target Parameters
Output File Name                   : "suma_reg"
Output Format                      : NGC
Target Device                      : xc7a100t-3-csg324

---- Source Options
Top Module Name                    : suma_reg
Automatic FSM Extraction           : YES
FSM Encoding Algorithm             : Auto
Safe Implementation                : No
FSM Style                          : LUT
RAM Extraction                     : Yes
RAM Style                          : Auto
ROM Extraction                     : Yes
Shift Register Extraction          : YES
ROM Style                          : Auto
Resource Sharing                   : YES
Asynchronous To Synchronous        : NO
Shift Register Minimum Size        : 2
Use DSP Block                      : Auto
Automatic Register Balancing       : No

---- Target Options
LUT Combining                      : Auto
Reduce Control Sets                : Auto
Add IO Buffers                     : YES
Global Maximum Fanout              : 100000
Add Generic Clock Buffer(BUFG)     : 32
Register Duplication               : YES
Optimize Instantiated Primitives   : NO
Use Clock Enable                   : Auto
Use Synchronous Set                : Auto
Use Synchronous Reset              : Auto
Pack IO Registers into IOBs        : Auto
Equivalent register Removal        : YES

---- General Options
Optimization Goal                  : Speed
Optimization Effort                : 1
Power Reduction                    : NO
Keep Hierarchy                     : No
Netlist Hierarchy                  : As_Optimized
RTL Output                         : Yes
Global Optimization                : AllClockNets
Read Cores                         : YES
Write Timing Constraints           : NO
Cross Clock Analysis               : NO
Hierarchy Separator                : /
Bus Delimiter                      : <>
Case Specifier                     : Maintain
Slice Utilization Ratio            : 100
BRAM Utilization Ratio             : 100
DSP48 Utilization Ratio            : 100
Auto BRAM Packing                  : NO
Slice Utilization Ratio Delta      : 5

=========================================================================


=========================================================================
*                          HDL Parsing                                  *
=========================================================================
Parsing VHDL file "C:\Users\Nahuel\OneDrive - UTN.BA\2023\Finales\Digitales 1\Final-TD1\VHDL\F_2020_12_19\ipcore_dir\codigos\suma_reg.vhd" into library work
Parsing entity <suma_reg>.
Parsing architecture <arch_suma_reg> of entity <suma_reg>.

=========================================================================
*                            HDL Elaboration                            *
=========================================================================

Elaborating entity <suma_reg> (architecture <arch_suma_reg>) with generics from library <work>.

=========================================================================
*                           HDL Synthesis                               *
=========================================================================

Synthesizing Unit <suma_reg>.
    Related source file is "C:\Users\Nahuel\OneDrive - UTN.BA\2023\Finales\Digitales 1\Final-TD1\VHDL\F_2020_12_19\ipcore_dir\codigos\suma_reg.vhd".
        N = 16
    Found 1-bit register for signal <o_carry>.
    Found 17-bit register for signal <r1_a>.
    Found 17-bit register for signal <r2_a>.
    Found 17-bit register for signal <r3_a>.
    Found 17-bit register for signal <r0_a>.
    Found 17-bit adder for signal <sData[16]_r0_a[16]_add_9_OUT> created at line 57.
    Found 17-bit adder for signal <sData[16]_r1_a[16]_add_10_OUT> created at line 58.
    Found 17-bit adder for signal <sData[16]_r2_a[16]_add_11_OUT> created at line 59.
    Found 17-bit adder for signal <sData[16]_r3_a[16]_add_12_OUT> created at line 60.
    Found 17-bit 4-to-1 multiplexer for signal <sSum> created at line 56.
    Summary:
	inferred   1 Adder/Subtractor(s).
	inferred  69 D-type flip-flop(s).
	inferred   3 Multiplexer(s).
Unit <suma_reg> synthesized.

=========================================================================
HDL Synthesis Report

Macro Statistics
# Adders/Subtractors                                   : 1
 17-bit adder                                          : 1
# Registers                                            : 5
 1-bit register                                        : 1
 17-bit register                                       : 4
# Multiplexers                                         : 3
 17-bit 2-to-1 multiplexer                             : 3

=========================================================================
INFO:Xst:1767 - HDL ADVISOR - Resource sharing has identified that some arithmetic operations in this design can share the same physical resources for reduced device utilization. For improved clock frequency you may try to disable resource sharing.

=========================================================================
*                       Advanced HDL Synthesis                          *
=========================================================================


=========================================================================
Advanced HDL Synthesis Report

Macro Statistics
# Adders/Subtractors                                   : 1
 17-bit adder                                          : 1
# Registers                                            : 69
 Flip-Flops                                            : 69
# Multiplexers                                         : 35
 1-bit 2-to-1 multiplexer                              : 34
 17-bit 2-to-1 multiplexer                             : 1

=========================================================================

=========================================================================
*                         Low Level Synthesis                           *
=========================================================================

Optimizing unit <suma_reg> ...

Mapping all equations...
Building and optimizing final netlist ...
Found area constraint ratio of 100 (+ 5) on block suma_reg, actual ratio is 0.

Final Macro Processing ...

=========================================================================
Final Register Report

Macro Statistics
# Registers                                            : 69
 Flip-Flops                                            : 69

=========================================================================

=========================================================================
*                           Partition Report                            *
=========================================================================

Partition Implementation Status
-------------------------------

  No Partitions were found in this design.

-------------------------------

=========================================================================
*                            Design Summary                             *
=========================================================================

Top Level Output File Name         : suma_reg.ngc

Primitive and Black Box Usage:
------------------------------
# BELS                             : 71
#      GND                         : 1
#      LUT2                        : 16
#      LUT3                        : 4
#      LUT6                        : 17
#      MUXCY                       : 16
#      XORCY                       : 17
# FlipFlops/Latches                : 69
#      FDC                         : 1
#      FDCE                        : 68
# Clock Buffers                    : 1
#      BUFGP                       : 1
# IO Buffers                       : 87
#      IBUF                        : 22
#      OBUF                        : 65

Device utilization summary:
---------------------------

Selected Device : 7a100tcsg324-3 


Slice Logic Utilization: 
 Number of Slice Registers:              69  out of  126800     0%  
 Number of Slice LUTs:                   37  out of  63400     0%  
    Number used as Logic:                37  out of  63400     0%  

Slice Logic Distribution: 
 Number of LUT Flip Flop pairs used:     71
   Number with an unused Flip Flop:       2  out of     71     2%  
   Number with an unused LUT:            34  out of     71    47%  
   Number of fully used LUT-FF pairs:    35  out of     71    49%  
   Number of unique control sets:         5

IO Utilization: 
 Number of IOs:                          88
 Number of bonded IOBs:                  88  out of    210    41%  

Specific Feature Utilization:
 Number of BUFG/BUFGCTRLs:                1  out of     32     3%  

---------------------------
Partition Resource Summary:
---------------------------

  No Partitions were found in this design.

---------------------------


=========================================================================
Timing Report

NOTE: THESE TIMING NUMBERS ARE ONLY A SYNTHESIS ESTIMATE.
      FOR ACCURATE TIMING INFORMATION PLEASE REFER TO THE TRACE REPORT
      GENERATED AFTER PLACE-and-ROUTE.

Clock Information:
------------------
-----------------------------------+------------------------+-------+
Clock Signal                       | Clock buffer(FF name)  | Load  |
-----------------------------------+------------------------+-------+
i_clk                              | BUFGP                  | 69    |
-----------------------------------+------------------------+-------+

Asynchronous Control Signals Information:
----------------------------------------
No asynchronous control signals found in this design

Timing Summary:
---------------
Speed Grade: -3

   Minimum period: 2.487ns (Maximum Frequency: 402.123MHz)
   Minimum input arrival time before clock: 2.334ns
   Maximum output required time after clock: 0.645ns
   Maximum combinational path delay: No path found

Timing Details:
---------------
All values displayed in nanoseconds (ns)

=========================================================================
Timing constraint: Default period analysis for Clock 'i_clk'
  Clock period: 2.487ns (frequency: 402.123MHz)
  Total number of paths / destination ports: 2516 / 69
-------------------------------------------------------------------------
Delay:               2.487ns (Levels of Logic = 19)
  Source:            r1_a_0 (FF)
  Destination:       r2_a_16 (FF)
  Source Clock:      i_clk rising
  Destination Clock: i_clk rising

  Data Path: r1_a_0 to r2_a_16
                                Gate     Net
    Cell:in->out      fanout   Delay   Delay  Logical Name (Net Name)
    ----------------------------------------  ------------
     FDCE:C->Q             2   0.361   0.561  r1_a_0 (r1_a_0)
     LUT6:I2->O            1   0.097   0.295  Mmux_sSum3_B18 (Mmux_sSum3_rs_B<0>)
     LUT2:I1->O            1   0.097   0.000  Mmux_sSum3_rs_lut<0> (Mmux_sSum3_rs_lut<0>)
     MUXCY:S->O            1   0.353   0.000  Mmux_sSum3_rs_cy<0> (Mmux_sSum3_rs_cy<0>)
     MUXCY:CI->O           1   0.023   0.000  Mmux_sSum3_rs_cy<1> (Mmux_sSum3_rs_cy<1>)
     MUXCY:CI->O           1   0.023   0.000  Mmux_sSum3_rs_cy<2> (Mmux_sSum3_rs_cy<2>)
     MUXCY:CI->O           1   0.023   0.000  Mmux_sSum3_rs_cy<3> (Mmux_sSum3_rs_cy<3>)
     MUXCY:CI->O           1   0.023   0.000  Mmux_sSum3_rs_cy<4> (Mmux_sSum3_rs_cy<4>)
     MUXCY:CI->O           1   0.023   0.000  Mmux_sSum3_rs_cy<5> (Mmux_sSum3_rs_cy<5>)
     MUXCY:CI->O           1   0.023   0.000  Mmux_sSum3_rs_cy<6> (Mmux_sSum3_rs_cy<6>)
     MUXCY:CI->O           1   0.023   0.000  Mmux_sSum3_rs_cy<7> (Mmux_sSum3_rs_cy<7>)
     MUXCY:CI->O           1   0.023   0.000  Mmux_sSum3_rs_cy<8> (Mmux_sSum3_rs_cy<8>)
     MUXCY:CI->O           1   0.023   0.000  Mmux_sSum3_rs_cy<9> (Mmux_sSum3_rs_cy<9>)
     MUXCY:CI->O           1   0.023   0.000  Mmux_sSum3_rs_cy<10> (Mmux_sSum3_rs_cy<10>)
     MUXCY:CI->O           1   0.023   0.000  Mmux_sSum3_rs_cy<11> (Mmux_sSum3_rs_cy<11>)
     MUXCY:CI->O           1   0.023   0.000  Mmux_sSum3_rs_cy<12> (Mmux_sSum3_rs_cy<12>)
     MUXCY:CI->O           1   0.023   0.000  Mmux_sSum3_rs_cy<13> (Mmux_sSum3_rs_cy<13>)
     MUXCY:CI->O           1   0.023   0.000  Mmux_sSum3_rs_cy<14> (Mmux_sSum3_rs_cy<14>)
     MUXCY:CI->O           0   0.023   0.000  Mmux_sSum3_rs_cy<15> (Mmux_sSum3_rs_cy<15>)
     XORCY:CI->O           5   0.370   0.000  Mmux_sSum3_rs_xor<16> (Mmux_sSum3_split<16>)
     FDCE:D                    0.008          r2_a_16
    ----------------------------------------
    Total                      2.487ns (1.631ns logic, 0.856ns route)
                                       (65.6% logic, 34.4% route)

=========================================================================
Timing constraint: Default OFFSET IN BEFORE for Clock 'i_clk'
  Total number of paths / destination ports: 2715 / 206
-------------------------------------------------------------------------
Offset:              2.334ns (Levels of Logic = 20)
  Source:            i_source<0> (PAD)
  Destination:       r2_a_16 (FF)
  Destination Clock: i_clk rising

  Data Path: i_source<0> to r2_a_16
                                Gate     Net
    Cell:in->out      fanout   Delay   Delay  Logical Name (Net Name)
    ----------------------------------------  ------------
     IBUF:I->O            17   0.001   0.767  i_source_0_IBUF (i_source_0_IBUF)
     LUT6:I0->O            1   0.097   0.295  Mmux_sSum3_B18 (Mmux_sSum3_rs_B<0>)
     LUT2:I1->O            1   0.097   0.000  Mmux_sSum3_rs_lut<0> (Mmux_sSum3_rs_lut<0>)
     MUXCY:S->O            1   0.353   0.000  Mmux_sSum3_rs_cy<0> (Mmux_sSum3_rs_cy<0>)
     MUXCY:CI->O           1   0.023   0.000  Mmux_sSum3_rs_cy<1> (Mmux_sSum3_rs_cy<1>)
     MUXCY:CI->O           1   0.023   0.000  Mmux_sSum3_rs_cy<2> (Mmux_sSum3_rs_cy<2>)
     MUXCY:CI->O           1   0.023   0.000  Mmux_sSum3_rs_cy<3> (Mmux_sSum3_rs_cy<3>)
     MUXCY:CI->O           1   0.023   0.000  Mmux_sSum3_rs_cy<4> (Mmux_sSum3_rs_cy<4>)
     MUXCY:CI->O           1   0.023   0.000  Mmux_sSum3_rs_cy<5> (Mmux_sSum3_rs_cy<5>)
     MUXCY:CI->O           1   0.023   0.000  Mmux_sSum3_rs_cy<6> (Mmux_sSum3_rs_cy<6>)
     MUXCY:CI->O           1   0.023   0.000  Mmux_sSum3_rs_cy<7> (Mmux_sSum3_rs_cy<7>)
     MUXCY:CI->O           1   0.023   0.000  Mmux_sSum3_rs_cy<8> (Mmux_sSum3_rs_cy<8>)
     MUXCY:CI->O           1   0.023   0.000  Mmux_sSum3_rs_cy<9> (Mmux_sSum3_rs_cy<9>)
     MUXCY:CI->O           1   0.023   0.000  Mmux_sSum3_rs_cy<10> (Mmux_sSum3_rs_cy<10>)
     MUXCY:CI->O           1   0.023   0.000  Mmux_sSum3_rs_cy<11> (Mmux_sSum3_rs_cy<11>)
     MUXCY:CI->O           1   0.023   0.000  Mmux_sSum3_rs_cy<12> (Mmux_sSum3_rs_cy<12>)
     MUXCY:CI->O           1   0.023   0.000  Mmux_sSum3_rs_cy<13> (Mmux_sSum3_rs_cy<13>)
     MUXCY:CI->O           1   0.023   0.000  Mmux_sSum3_rs_cy<14> (Mmux_sSum3_rs_cy<14>)
     MUXCY:CI->O           0   0.023   0.000  Mmux_sSum3_rs_cy<15> (Mmux_sSum3_rs_cy<15>)
     XORCY:CI->O           5   0.370   0.000  Mmux_sSum3_rs_xor<16> (Mmux_sSum3_split<16>)
     FDCE:D                    0.008          r2_a_16
    ----------------------------------------
    Total                      2.334ns (1.271ns logic, 1.063ns route)
                                       (54.5% logic, 45.5% route)

=========================================================================
Timing constraint: Default OFFSET OUT AFTER for Clock 'i_clk'
  Total number of paths / destination ports: 65 / 65
-------------------------------------------------------------------------
Offset:              0.645ns (Levels of Logic = 1)
  Source:            r0_a_15 (FF)
  Destination:       o_r0<15> (PAD)
  Source Clock:      i_clk rising

  Data Path: r0_a_15 to o_r0<15>
                                Gate     Net
    Cell:in->out      fanout   Delay   Delay  Logical Name (Net Name)
    ----------------------------------------  ------------
     FDCE:C->Q             2   0.361   0.283  r0_a_15 (r0_a_15)
     OBUF:I->O                 0.000          o_r0_15_OBUF (o_r0<15>)
    ----------------------------------------
    Total                      0.645ns (0.361ns logic, 0.283ns route)
                                       (56.0% logic, 44.0% route)

=========================================================================

Cross Clock Domains Report:
--------------------------

Clock to Setup on destination clock i_clk
---------------+---------+---------+---------+---------+
               | Src:Rise| Src:Fall| Src:Rise| Src:Fall|
Source Clock   |Dest:Rise|Dest:Rise|Dest:Fall|Dest:Fall|
---------------+---------+---------+---------+---------+
i_clk          |    2.487|         |         |         |
---------------+---------+---------+---------+---------+

=========================================================================


Total REAL time to Xst completion: 7.00 secs
Total CPU time to Xst completion: 6.46 secs
 
--> 

Total memory usage is 4618244 kilobytes

Number of errors   :    0 (   0 filtered)
Number of warnings :    0 (   0 filtered)
Number of infos    :    1 (   0 filtered)

