Release 14.7 - xst P.20131013 (nt64)
Copyright (c) 1995-2013 Xilinx, Inc.  All rights reserved.
--> Parameter TMPDIR set to xst/projnav.tmp


Total REAL time to Xst completion: 0.00 secs
Total CPU time to Xst completion: 0.08 secs
 
--> Parameter xsthdpdir set to xst


Total REAL time to Xst completion: 0.00 secs
Total CPU time to Xst completion: 0.08 secs
 
--> Reading design: Sistema.prj

TABLE OF CONTENTS
  1) Synthesis Options Summary
  2) HDL Parsing
  3) HDL Elaboration
  4) HDL Synthesis
       4.1) HDL Synthesis Report
  5) Advanced HDL Synthesis
       5.1) Advanced HDL Synthesis Report
  6) Low Level Synthesis
  7) Partition Report
  8) Design Summary
       8.1) Primitive and Black Box Usage
       8.2) Device utilization summary
       8.3) Partition Resource Summary
       8.4) Timing Report
            8.4.1) Clock Information
            8.4.2) Asynchronous Control Signals Information
            8.4.3) Timing Summary
            8.4.4) Timing Details
            8.4.5) Cross Clock Domains Report


=========================================================================
*                      Synthesis Options Summary                        *
=========================================================================
---- Source Parameters
Input File Name                    : "Sistema.prj"
Ignore Synthesis Constraint File   : NO

---- Target Parameters
Output File Name                   : "Sistema"
Output Format                      : NGC
Target Device                      : xc7a100t-3-csg324

---- Source Options
Top Module Name                    : Sistema
Automatic FSM Extraction           : YES
FSM Encoding Algorithm             : Auto
Safe Implementation                : No
FSM Style                          : LUT
RAM Extraction                     : Yes
RAM Style                          : Auto
ROM Extraction                     : Yes
Shift Register Extraction          : YES
ROM Style                          : Auto
Resource Sharing                   : YES
Asynchronous To Synchronous        : NO
Shift Register Minimum Size        : 2
Use DSP Block                      : Auto
Automatic Register Balancing       : No

---- Target Options
LUT Combining                      : Auto
Reduce Control Sets                : Auto
Add IO Buffers                     : YES
Global Maximum Fanout              : 100000
Add Generic Clock Buffer(BUFG)     : 32
Register Duplication               : YES
Optimize Instantiated Primitives   : NO
Use Clock Enable                   : Auto
Use Synchronous Set                : Auto
Use Synchronous Reset              : Auto
Pack IO Registers into IOBs        : Auto
Equivalent register Removal        : YES

---- General Options
Optimization Goal                  : Speed
Optimization Effort                : 1
Power Reduction                    : NO
Keep Hierarchy                     : No
Netlist Hierarchy                  : As_Optimized
RTL Output                         : Yes
Global Optimization                : AllClockNets
Read Cores                         : YES
Write Timing Constraints           : NO
Cross Clock Analysis               : NO
Hierarchy Separator                : /
Bus Delimiter                      : <>
Case Specifier                     : Maintain
Slice Utilization Ratio            : 100
BRAM Utilization Ratio             : 100
DSP48 Utilization Ratio            : 100
Auto BRAM Packing                  : NO
Slice Utilization Ratio Delta      : 5

=========================================================================


=========================================================================
*                          HDL Parsing                                  *
=========================================================================
Parsing VHDL file "C:\Users\Nahuel\OneDrive - UTN.BA\2023\Finales\Digitales 1\Final-TD1\VHDL\F_2020_12_16\Sistema.vhd" into library work
Parsing entity <Sistema>.
Parsing architecture <Arch_Sistema> of entity <sistema>.

=========================================================================
*                            HDL Elaboration                            *
=========================================================================

Elaborating entity <Sistema> (architecture <Arch_Sistema>) with generics from library <work>.

=========================================================================
*                           HDL Synthesis                               *
=========================================================================

Synthesizing Unit <Sistema>.
    Related source file is "C:\Users\Nahuel\OneDrive - UTN.BA\2023\Finales\Digitales 1\Final-TD1\VHDL\F_2020_12_16\Sistema.vhd".
        N = 4
    Found 1-bit register for signal <poTc>.
    Found 4-bit register for signal <poQ>.
    Found 4-bit adder for signal <sSum> created at line 1241.
    Found 4-bit adder for signal <piMod[3]_GND_4_o_add_5_OUT> created at line 1241.
    Found 4-bit subtractor for signal <GND_4_o_GND_4_o_sub_3_OUT<3:0>> created at line 1308.
    Found 4-bit comparator equal for signal <sEq> created at line 48
    Summary:
	inferred   3 Adder/Subtractor(s).
	inferred   5 D-type flip-flop(s).
	inferred   1 Comparator(s).
	inferred   1 Multiplexer(s).
Unit <Sistema> synthesized.

=========================================================================
HDL Synthesis Report

Macro Statistics
# Adders/Subtractors                                   : 3
 4-bit adder                                           : 2
 4-bit subtractor                                      : 1
# Registers                                            : 2
 1-bit register                                        : 1
 4-bit register                                        : 1
# Comparators                                          : 1
 4-bit comparator equal                                : 1
# Multiplexers                                         : 1
 4-bit 2-to-1 multiplexer                              : 1

=========================================================================

=========================================================================
*                       Advanced HDL Synthesis                          *
=========================================================================


=========================================================================
Advanced HDL Synthesis Report

Macro Statistics
# Adders/Subtractors                                   : 3
 4-bit adder                                           : 2
 4-bit subtractor                                      : 1
# Registers                                            : 5
 Flip-Flops                                            : 5
# Comparators                                          : 1
 4-bit comparator equal                                : 1
# Multiplexers                                         : 1
 4-bit 2-to-1 multiplexer                              : 1

=========================================================================

=========================================================================
*                         Low Level Synthesis                           *
=========================================================================

Optimizing unit <Sistema> ...

Mapping all equations...
Building and optimizing final netlist ...
Found area constraint ratio of 100 (+ 5) on block Sistema, actual ratio is 0.

Final Macro Processing ...

=========================================================================
Final Register Report

Macro Statistics
# Registers                                            : 5
 Flip-Flops                                            : 5

=========================================================================

=========================================================================
*                           Partition Report                            *
=========================================================================

Partition Implementation Status
-------------------------------

  No Partitions were found in this design.

-------------------------------

=========================================================================
*                            Design Summary                             *
=========================================================================

Top Level Output File Name         : Sistema.ngc

Primitive and Black Box Usage:
------------------------------
# BELS                             : 8
#      LUT2                        : 2
#      LUT3                        : 1
#      LUT4                        : 3
#      LUT5                        : 1
#      LUT6                        : 1
# FlipFlops/Latches                : 5
#      FD                          : 1
#      FDR                         : 4
# Clock Buffers                    : 1
#      BUFGP                       : 1
# IO Buffers                       : 11
#      IBUF                        : 6
#      OBUF                        : 5

Device utilization summary:
---------------------------

Selected Device : 7a100tcsg324-3 


Slice Logic Utilization: 
 Number of Slice Registers:               5  out of  126800     0%  
 Number of Slice LUTs:                    8  out of  63400     0%  
    Number used as Logic:                 8  out of  63400     0%  

Slice Logic Distribution: 
 Number of LUT Flip Flop pairs used:     13
   Number with an unused Flip Flop:       8  out of     13    61%  
   Number with an unused LUT:             5  out of     13    38%  
   Number of fully used LUT-FF pairs:     0  out of     13     0%  
   Number of unique control sets:         2

IO Utilization: 
 Number of IOs:                          12
 Number of bonded IOBs:                  12  out of    210     5%  

Specific Feature Utilization:
 Number of BUFG/BUFGCTRLs:                1  out of     32     3%  

---------------------------
Partition Resource Summary:
---------------------------

  No Partitions were found in this design.

---------------------------


=========================================================================
Timing Report

NOTE: THESE TIMING NUMBERS ARE ONLY A SYNTHESIS ESTIMATE.
      FOR ACCURATE TIMING INFORMATION PLEASE REFER TO THE TRACE REPORT
      GENERATED AFTER PLACE-and-ROUTE.

Clock Information:
------------------
-----------------------------------+------------------------+-------+
Clock Signal                       | Clock buffer(FF name)  | Load  |
-----------------------------------+------------------------+-------+
piClk                              | BUFGP                  | 5     |
-----------------------------------+------------------------+-------+

Asynchronous Control Signals Information:
----------------------------------------
No asynchronous control signals found in this design

Timing Summary:
---------------
Speed Grade: -3

   Minimum period: 1.400ns (Maximum Frequency: 714.388MHz)
   Minimum input arrival time before clock: 1.143ns
   Maximum output required time after clock: 0.663ns
   Maximum combinational path delay: No path found

Timing Details:
---------------
All values displayed in nanoseconds (ns)

=========================================================================
Timing constraint: Default period analysis for Clock 'piClk'
  Clock period: 1.400ns (frequency: 714.388MHz)
  Total number of paths / destination ports: 20 / 9
-------------------------------------------------------------------------
Delay:               1.400ns (Levels of Logic = 1)
  Source:            sTc (FF)
  Destination:       st_a_0 (FF)
  Source Clock:      piClk rising
  Destination Clock: piClk rising

  Data Path: sTc to st_a_0
                                Gate     Net
    Cell:in->out      fanout   Delay   Delay  Logical Name (Net Name)
    ----------------------------------------  ------------
     FD:C->Q               2   0.361   0.299  sTc (sTc)
     LUT2:I1->O            4   0.097   0.293  sRst1 (sRst)
     FDR:R                     0.349          st_a_0
    ----------------------------------------
    Total                      1.400ns (0.807ns logic, 0.593ns route)
                                       (57.7% logic, 42.3% route)

=========================================================================
Timing constraint: Default OFFSET IN BEFORE for Clock 'piClk'
  Total number of paths / destination ports: 14 / 9
-------------------------------------------------------------------------
Offset:              1.143ns (Levels of Logic = 3)
  Source:            piMod<3> (PAD)
  Destination:       sTc (FF)
  Destination Clock: piClk rising

  Data Path: piMod<3> to sTc
                                Gate     Net
    Cell:in->out      fanout   Delay   Delay  Logical Name (Net Name)
    ----------------------------------------  ------------
     IBUF:I->O             2   0.001   0.560  piMod_3_IBUF (Madd_piMod[3]_GND_4_o_add_5_OUT_lut<3>)
     LUT4:I0->O            1   0.097   0.379  sEq61 (sEq_bdd9)
     LUT6:I4->O            1   0.097   0.000  sEq (sEq)
     FD:D                      0.008          sTc
    ----------------------------------------
    Total                      1.143ns (0.203ns logic, 0.940ns route)
                                       (17.8% logic, 82.2% route)

=========================================================================
Timing constraint: Default OFFSET OUT AFTER for Clock 'piClk'
  Total number of paths / destination ports: 5 / 5
-------------------------------------------------------------------------
Offset:              0.663ns (Levels of Logic = 1)
  Source:            st_a_0 (FF)
  Destination:       poQ<0> (PAD)
  Source Clock:      piClk rising

  Data Path: st_a_0 to poQ<0>
                                Gate     Net
    Cell:in->out      fanout   Delay   Delay  Logical Name (Net Name)
    ----------------------------------------  ------------
     FDR:C->Q              6   0.361   0.302  st_a_0 (st_a_0)
     OBUF:I->O                 0.000          poQ_0_OBUF (poQ<0>)
    ----------------------------------------
    Total                      0.663ns (0.361ns logic, 0.302ns route)
                                       (54.4% logic, 45.6% route)

=========================================================================

Cross Clock Domains Report:
--------------------------

Clock to Setup on destination clock piClk
---------------+---------+---------+---------+---------+
               | Src:Rise| Src:Fall| Src:Rise| Src:Fall|
Source Clock   |Dest:Rise|Dest:Rise|Dest:Fall|Dest:Fall|
---------------+---------+---------+---------+---------+
piClk          |    1.400|         |         |         |
---------------+---------+---------+---------+---------+

=========================================================================


Total REAL time to Xst completion: 6.00 secs
Total CPU time to Xst completion: 6.34 secs
 
--> 

Total memory usage is 4618200 kilobytes

Number of errors   :    0 (   0 filtered)
Number of warnings :    0 (   0 filtered)
Number of infos    :    0 (   0 filtered)

